yarn run v1.17.3
info Visit https://yarnpkg.com/en/docs/cli/run for documentation about this command.
yarn install v1.17.3
[1/4] Resolving packages...
[2/4] Fetching packages...
info fsevents@1.2.9: The platform "win32" is incompatible with this module.
info "fsevents@1.2.9" is an optional dependency and failed compatibility check. Excluding it from installation.
[3/4] Linking dependencies...
[4/4] Building fresh packages...
$ yarn run install:client && yarn run install:server
yarn run v1.17.3
$ cd client && yarn
[1/4] Resolving packages...
[2/4] Fetching packages...
info fsevents@2.0.7: The platform "win32" is incompatible with this module.
info "fsevents@2.0.7" is an optional dependency and failed compatibility check. Excluding it from installation.
info fsevents@1.2.9: The platform "win32" is incompatible with this module.
info "fsevents@1.2.9" is an optional dependency and failed compatibility check. Excluding it from installation.
[3/4] Linking dependencies...
[4/4] Building fresh packages...
Done in 161.84s.
yarn run v1.17.3
$ cd server && yarn
[1/4] Resolving packages...
[2/4] Fetching packages...
[3/4] Linking dependencies...
[4/4] Building fresh packages...
Done in 2.69s.
Done in 188.10s.
